<?xml version="1.0" encoding="UTF-8"?>
<!-- Generated by org.testng.reporters.JUnitReportReporter -->
<testsuite hostname="Preetis-MacBook-Air.local" failures="0" tests="1" name="homepage.HomePageTest" time="13.740" errors="0" timestamp="2024-08-23T20:43:05 IST" skipped="0">
  <testcase classname="homepage.HomePageTest" name="testHomePage" time="13.740"/>
</testsuite> <!-- homepage.HomePageTest -->
